{
  "stats": {
    "suites": 1,
    "tests": 3,
    "passes": 3,
    "pending": 0,
    "failures": 0,
    "start": "2025-04-14T15:13:46.832Z",
    "end": "2025-04-14T15:13:48.150Z",
    "duration": 1318,
    "testsRegistered": 3,
    "passPercent": 100,
    "pendingPercent": 0,
    "other": 0,
    "hasOther": false,
    "skipped": 0,
    "hasSkipped": false
  },
  "results": [
    {
      "uuid": "9439b257-cf5d-4133-9b49-9ed7ea3f28cc",
      "title": "",
      "fullFile": "cypress/e2e/api/authentication/loginAPI.cy.js",
      "file": "cypress/e2e/api/authentication/loginAPI.cy.js",
      "beforeHooks": [],
      "afterHooks": [],
      "tests": [],
      "suites": [
        {
          "uuid": "6ab0ae53-ff18-4c6a-aba8-d8226d659037",
          "title": "Login Functionalities API",
          "fullFile": "",
          "file": "",
          "beforeHooks": [],
          "afterHooks": [],
          "tests": [
            {
              "title": "Validate User Signup and Log in successfully",
              "fullTitle": "Login Functionalities API Validate User Signup and Log in successfully",
              "timedOut": null,
              "duration": 620,
              "state": "passed",
              "speed": "fast",
              "pass": true,
              "fail": false,
              "pending": false,
              "context": "\"videos/loginAPI.cy.js.mp4\"",
              "code": "/**\n * A `api_loginAndSignUp` já faz asserções para garantir que o login ocorreu,\n * por isso esse teste não precisa de asserts extras.\n */\ncy.api_loginAndSignUp(newUser.email, newUser.password, newUser.administrador);",
              "err": {},
              "uuid": "d2eab7e4-30ca-4084-8d19-75ac4f9e86e4",
              "parentUUID": "6ab0ae53-ff18-4c6a-aba8-d8226d659037",
              "isHook": false,
              "skipped": false
            },
            {
              "title": "Validate login throws an error when using invalid credentials",
              "fullTitle": "Login Functionalities API Validate login throws an error when using invalid credentials",
              "timedOut": null,
              "duration": 359,
              "state": "passed",
              "speed": "fast",
              "pass": true,
              "fail": false,
              "pending": false,
              "context": "\"videos/loginAPI.cy.js.mp4\"",
              "code": "cy.api_login(newUser.email, newUser.password).then(response => {\n  expect(response.status).to.eq(401);\n  expect(response.body).to.deep.equal(login_401);\n});",
              "err": {},
              "uuid": "3ed93eda-947f-4224-b129-cf0c1321f4c3",
              "parentUUID": "6ab0ae53-ff18-4c6a-aba8-d8226d659037",
              "isHook": false,
              "skipped": false
            },
            {
              "title": "Validate login throws an error when using invalid email format",
              "fullTitle": "Login Functionalities API Validate login throws an error when using invalid email format",
              "timedOut": null,
              "duration": 268,
              "state": "passed",
              "speed": "fast",
              "pass": true,
              "fail": false,
              "pending": false,
              "context": "\"videos/loginAPI.cy.js.mp4\"",
              "code": "const invalidUser = _userFactory.UserFactory.invalidEmailUser(); // Using the user with invalid email\ncy.api_login(invalidUser.email, newUser.password).then(response => {\n  expect(response.status).to.eq(400);\n  expect(response.body).to.deep.equal(login_400);\n});",
              "err": {},
              "uuid": "d8044452-7d55-49a7-9759-fe04bfd1ced9",
              "parentUUID": "6ab0ae53-ff18-4c6a-aba8-d8226d659037",
              "isHook": false,
              "skipped": false
            }
          ],
          "suites": [],
          "passes": [
            "d2eab7e4-30ca-4084-8d19-75ac4f9e86e4",
            "3ed93eda-947f-4224-b129-cf0c1321f4c3",
            "d8044452-7d55-49a7-9759-fe04bfd1ced9"
          ],
          "failures": [],
          "pending": [],
          "skipped": [],
          "duration": 1247,
          "root": false,
          "rootEmpty": false,
          "_timeout": 2000
        }
      ],
      "passes": [],
      "failures": [],
      "pending": [],
      "skipped": [],
      "duration": 0,
      "root": true,
      "rootEmpty": true,
      "_timeout": 2000
    }
  ],
  "meta": {
    "mocha": {
      "version": "7.0.1"
    },
    "mochawesome": {
      "options": {
        "quiet": false,
        "reportFilename": "mochawesome",
        "saveHtml": false,
        "saveJson": true,
        "consoleReporter": "spec",
        "useInlineDiffs": false,
        "code": true
      },
      "version": "7.1.3"
    },
    "marge": {
      "options": {
        "reportDir": "cypress/reports/mochawesome",
        "overwrite": false,
        "html": false,
        "json": true
      },
      "version": "6.2.0"
    }
  }
}