{
  "stats": {
    "suites": 1,
    "tests": 3,
    "passes": 3,
    "pending": 0,
    "failures": 0,
    "start": "2025-04-14T16:08:46.369Z",
    "end": "2025-04-14T16:08:55.636Z",
    "duration": 9267,
    "testsRegistered": 3,
    "passPercent": 100,
    "pendingPercent": 0,
    "other": 0,
    "hasOther": false,
    "skipped": 0,
    "hasSkipped": false
  },
  "results": [
    {
      "uuid": "a86d77cf-88dc-4d20-b9da-1c6e07af6a8b",
      "title": "",
      "fullFile": "cypress/e2e/gui/authentication/loginGUI.cy.js",
      "file": "cypress/e2e/gui/authentication/loginGUI.cy.js",
      "beforeHooks": [],
      "afterHooks": [],
      "tests": [],
      "suites": [
        {
          "uuid": "3c0e92e2-0aff-4b89-90f1-d35bc9e26ea4",
          "title": "Login Functionalities GUI",
          "fullFile": "",
          "file": "",
          "beforeHooks": [],
          "afterHooks": [],
          "tests": [
            {
              "title": "Validate User Signup and Log in successfully",
              "fullTitle": "Login Functionalities GUI Validate User Signup and Log in successfully",
              "timedOut": null,
              "duration": 6465,
              "state": "passed",
              "speed": "medium",
              "pass": true,
              "fail": false,
              "pending": false,
              "context": "\"videos/loginGUI.cy.js.mp4\"",
              "code": "/**\n * O comando `gui_login_or_signup_and_login` já valida que o login foi realizado,\n * garantindo que a sessão foi criada corretamente.\n * \n * Por isso, este teste não precisa de assertivas adicionais.\n */\ncy.gui_login_or_signup_and_login(newUser.email, newUser.password);\n// Valida o logout\ncy.gui_logout();\ncy.url().should('include', '/login');\ncy.get('input[name=\"email\"]').should('be.visible');",
              "err": {},
              "uuid": "ab16e358-ed4a-424d-a775-5a501f7c5d08",
              "parentUUID": "3c0e92e2-0aff-4b89-90f1-d35bc9e26ea4",
              "isHook": false,
              "skipped": false
            },
            {
              "title": "Validate login throws an error when using invalid credentials",
              "fullTitle": "Login Functionalities GUI Validate login throws an error when using invalid credentials",
              "timedOut": null,
              "duration": 1488,
              "state": "passed",
              "speed": "fast",
              "pass": true,
              "fail": false,
              "pending": false,
              "context": "\"videos/loginGUI.cy.js.mp4\"",
              "code": "cy.validateInvalidCredentials(newUser.email, newUser.password);",
              "err": {},
              "uuid": "6779dab4-fbb2-4784-b84e-800b05db4435",
              "parentUUID": "3c0e92e2-0aff-4b89-90f1-d35bc9e26ea4",
              "isHook": false,
              "skipped": false
            },
            {
              "title": "Validate login throws an error when using invalid email format",
              "fullTitle": "Login Functionalities GUI Validate login throws an error when using invalid email format",
              "timedOut": null,
              "duration": 1191,
              "state": "passed",
              "speed": "fast",
              "pass": true,
              "fail": false,
              "pending": false,
              "context": "\"videos/loginGUI.cy.js.mp4\"",
              "code": "const invalidUser = _userFactory.UserFactory.invalidEmailUser(); // Using the user with invalid email\ncy.validateInvalidEmail(invalidUser.email, newUser.password);",
              "err": {},
              "uuid": "603c36af-ce3d-4cdf-8fa5-92f7715f63ec",
              "parentUUID": "3c0e92e2-0aff-4b89-90f1-d35bc9e26ea4",
              "isHook": false,
              "skipped": false
            }
          ],
          "suites": [],
          "passes": [
            "ab16e358-ed4a-424d-a775-5a501f7c5d08",
            "6779dab4-fbb2-4784-b84e-800b05db4435",
            "603c36af-ce3d-4cdf-8fa5-92f7715f63ec"
          ],
          "failures": [],
          "pending": [],
          "skipped": [],
          "duration": 9144,
          "root": false,
          "rootEmpty": false,
          "_timeout": 2000
        }
      ],
      "passes": [],
      "failures": [],
      "pending": [],
      "skipped": [],
      "duration": 0,
      "root": true,
      "rootEmpty": true,
      "_timeout": 2000
    }
  ],
  "meta": {
    "mocha": {
      "version": "7.0.1"
    },
    "mochawesome": {
      "options": {
        "quiet": false,
        "reportFilename": "mochawesome",
        "saveHtml": false,
        "saveJson": true,
        "consoleReporter": "spec",
        "useInlineDiffs": false,
        "code": true
      },
      "version": "7.1.3"
    },
    "marge": {
      "options": {
        "reportDir": "cypress/reports/mochawesome",
        "overwrite": false,
        "html": false,
        "json": true
      },
      "version": "6.2.0"
    }
  }
}