{
  "stats": {
    "suites": 1,
    "tests": 3,
    "passes": 3,
    "pending": 0,
    "failures": 0,
    "start": "2025-04-14T01:14:03.702Z",
    "end": "2025-04-14T01:14:13.311Z",
    "duration": 9609,
    "testsRegistered": 3,
    "passPercent": 100,
    "pendingPercent": 0,
    "other": 0,
    "hasOther": false,
    "skipped": 0,
    "hasSkipped": false
  },
  "results": [
    {
      "uuid": "d80b0e53-5b14-4689-8fcc-68e19f149aa8",
      "title": "",
      "fullFile": "cypress/e2e/gui/authentication/loginGUI.cy.js",
      "file": "cypress/e2e/gui/authentication/loginGUI.cy.js",
      "beforeHooks": [],
      "afterHooks": [],
      "tests": [],
      "suites": [
        {
          "uuid": "f493d149-3982-4634-bf7f-ef85a4c3fa63",
          "title": "Login Functionalities GUI",
          "fullFile": "",
          "file": "",
          "beforeHooks": [],
          "afterHooks": [],
          "tests": [
            {
              "title": "Validate User Signup and Log in successfully",
              "fullTitle": "Login Functionalities GUI Validate User Signup and Log in successfully",
              "timedOut": null,
              "duration": 6691,
              "state": "passed",
              "speed": "medium",
              "pass": true,
              "fail": false,
              "pending": false,
              "context": "\"videos/loginGUI.cy.js.mp4\"",
              "code": "/**\n * O comando `gui_login_or_signup_and_login` já valida que o login foi realizado,\n * garantindo que a sessão foi criada corretamente.\n * \n * Por isso, este teste não precisa de assertivas adicionais.\n */\ncy.gui_login_or_signup_and_login(newUser.email, newUser.password);\n// Valida o logout\ncy.gui_logout();\ncy.url().should('include', '/login');\ncy.get('input[name=\"email\"]').should('be.visible');",
              "err": {},
              "uuid": "ec09f19c-3d58-4c3d-9789-91cd1e0c7f68",
              "parentUUID": "f493d149-3982-4634-bf7f-ef85a4c3fa63",
              "isHook": false,
              "skipped": false
            },
            {
              "title": "Validate login throws an error when using invalid credentials",
              "fullTitle": "Login Functionalities GUI Validate login throws an error when using invalid credentials",
              "timedOut": null,
              "duration": 1529,
              "state": "passed",
              "speed": "fast",
              "pass": true,
              "fail": false,
              "pending": false,
              "context": "\"videos/loginGUI.cy.js.mp4\"",
              "code": "cy.validateInvalidCredentials(newUser.email, newUser.password);",
              "err": {},
              "uuid": "2728d935-340e-4271-ae14-89bbc4af8298",
              "parentUUID": "f493d149-3982-4634-bf7f-ef85a4c3fa63",
              "isHook": false,
              "skipped": false
            },
            {
              "title": "Validate login throws an error when using invalid email format",
              "fullTitle": "Login Functionalities GUI Validate login throws an error when using invalid email format",
              "timedOut": null,
              "duration": 1282,
              "state": "passed",
              "speed": "fast",
              "pass": true,
              "fail": false,
              "pending": false,
              "context": "\"videos/loginGUI.cy.js.mp4\"",
              "code": "const invalidUser = _userFactory.UserFactory.invalidEmailUser(); // Using the user with invalid email\ncy.validateInvalidEmail(invalidUser.email, newUser.password);",
              "err": {},
              "uuid": "b3486265-b210-412d-8772-917e01ba695f",
              "parentUUID": "f493d149-3982-4634-bf7f-ef85a4c3fa63",
              "isHook": false,
              "skipped": false
            }
          ],
          "suites": [],
          "passes": [
            "ec09f19c-3d58-4c3d-9789-91cd1e0c7f68",
            "2728d935-340e-4271-ae14-89bbc4af8298",
            "b3486265-b210-412d-8772-917e01ba695f"
          ],
          "failures": [],
          "pending": [],
          "skipped": [],
          "duration": 9502,
          "root": false,
          "rootEmpty": false,
          "_timeout": 2000
        }
      ],
      "passes": [],
      "failures": [],
      "pending": [],
      "skipped": [],
      "duration": 0,
      "root": true,
      "rootEmpty": true,
      "_timeout": 2000
    }
  ],
  "meta": {
    "mocha": {
      "version": "7.0.1"
    },
    "mochawesome": {
      "options": {
        "quiet": false,
        "reportFilename": "mochawesome",
        "saveHtml": false,
        "saveJson": true,
        "consoleReporter": "spec",
        "useInlineDiffs": false,
        "code": true
      },
      "version": "7.1.3"
    },
    "marge": {
      "options": {
        "reportDir": "cypress/reports/mochawesome",
        "overwrite": false,
        "html": false,
        "json": true
      },
      "version": "6.2.0"
    }
  }
}