{
  "stats": {
    "suites": 1,
    "tests": 3,
    "passes": 3,
    "pending": 0,
    "failures": 0,
    "start": "2025-04-14T17:50:56.517Z",
    "end": "2025-04-14T17:50:57.782Z",
    "duration": 1265,
    "testsRegistered": 3,
    "passPercent": 100,
    "pendingPercent": 0,
    "other": 0,
    "hasOther": false,
    "skipped": 0,
    "hasSkipped": false
  },
  "results": [
    {
      "uuid": "41a49340-1902-4f3c-a448-327179461777",
      "title": "",
      "fullFile": "cypress/e2e/api/authentication/loginAPI.cy.js",
      "file": "cypress/e2e/api/authentication/loginAPI.cy.js",
      "beforeHooks": [],
      "afterHooks": [],
      "tests": [],
      "suites": [
        {
          "uuid": "73aa0de6-960b-4a9f-980f-2888499fd4e5",
          "title": "Login Functionalities API",
          "fullFile": "",
          "file": "",
          "beforeHooks": [],
          "afterHooks": [],
          "tests": [
            {
              "title": "Validate User Signup and Log in successfully",
              "fullTitle": "Login Functionalities API Validate User Signup and Log in successfully",
              "timedOut": null,
              "duration": 542,
              "state": "passed",
              "speed": "fast",
              "pass": true,
              "fail": false,
              "pending": false,
              "context": "\"videos/loginAPI.cy.js.mp4\"",
              "code": "/**\n * A `api_loginAndSignUp` já faz asserções para garantir que o login ocorreu,\n * por isso esse teste não precisa de asserts extras.\n */\ncy.api_loginAndSignUp(newUser.email, newUser.password, newUser.administrador);",
              "err": {},
              "uuid": "737f54fe-c6eb-4773-833c-863137d45e79",
              "parentUUID": "73aa0de6-960b-4a9f-980f-2888499fd4e5",
              "isHook": false,
              "skipped": false
            },
            {
              "title": "Validate login throws an error when using invalid credentials",
              "fullTitle": "Login Functionalities API Validate login throws an error when using invalid credentials",
              "timedOut": null,
              "duration": 389,
              "state": "passed",
              "speed": "fast",
              "pass": true,
              "fail": false,
              "pending": false,
              "context": "\"videos/loginAPI.cy.js.mp4\"",
              "code": "cy.api_login(newUser.email, newUser.password).then(response => {\n  expect(response.status).to.eq(401);\n  expect(response.body).to.deep.equal(login_401);\n});",
              "err": {},
              "uuid": "7d00d510-013a-4338-822f-639e422b6475",
              "parentUUID": "73aa0de6-960b-4a9f-980f-2888499fd4e5",
              "isHook": false,
              "skipped": false
            },
            {
              "title": "Validate login throws an error when using invalid email format",
              "fullTitle": "Login Functionalities API Validate login throws an error when using invalid email format",
              "timedOut": null,
              "duration": 267,
              "state": "passed",
              "speed": "fast",
              "pass": true,
              "fail": false,
              "pending": false,
              "context": "\"videos/loginAPI.cy.js.mp4\"",
              "code": "const invalidUser = _userFactory.UserFactory.invalidEmailUser(); // Using the user with invalid email\ncy.api_login(invalidUser.email, newUser.password).then(response => {\n  expect(response.status).to.eq(400);\n  expect(response.body).to.deep.equal(login_400);\n});",
              "err": {},
              "uuid": "ea95fcb9-300d-4ea1-9e82-837d8f90d465",
              "parentUUID": "73aa0de6-960b-4a9f-980f-2888499fd4e5",
              "isHook": false,
              "skipped": false
            }
          ],
          "suites": [],
          "passes": [
            "737f54fe-c6eb-4773-833c-863137d45e79",
            "7d00d510-013a-4338-822f-639e422b6475",
            "ea95fcb9-300d-4ea1-9e82-837d8f90d465"
          ],
          "failures": [],
          "pending": [],
          "skipped": [],
          "duration": 1198,
          "root": false,
          "rootEmpty": false,
          "_timeout": 2000
        }
      ],
      "passes": [],
      "failures": [],
      "pending": [],
      "skipped": [],
      "duration": 0,
      "root": true,
      "rootEmpty": true,
      "_timeout": 2000
    }
  ],
  "meta": {
    "mocha": {
      "version": "7.0.1"
    },
    "mochawesome": {
      "options": {
        "quiet": false,
        "reportFilename": "mochawesome",
        "saveHtml": false,
        "saveJson": true,
        "consoleReporter": "spec",
        "useInlineDiffs": false,
        "code": true
      },
      "version": "7.1.3"
    },
    "marge": {
      "options": {
        "reportDir": "cypress/reports/mochawesome",
        "overwrite": false,
        "html": false,
        "json": true
      },
      "version": "6.2.0"
    }
  }
}