{
  "stats": {
    "suites": 1,
    "tests": 3,
    "passes": 3,
    "pending": 0,
    "failures": 0,
    "start": "2025-04-14T18:58:32.125Z",
    "end": "2025-04-14T18:58:34.022Z",
    "duration": 1897,
    "testsRegistered": 3,
    "passPercent": 100,
    "pendingPercent": 0,
    "other": 0,
    "hasOther": false,
    "skipped": 0,
    "hasSkipped": false
  },
  "results": [
    {
      "uuid": "2d84089c-8695-415a-a78b-b49565a0be63",
      "title": "",
      "fullFile": "cypress/e2e/api/authentication/loginAPI.cy.js",
      "file": "cypress/e2e/api/authentication/loginAPI.cy.js",
      "beforeHooks": [],
      "afterHooks": [],
      "tests": [],
      "suites": [
        {
          "uuid": "da1e9ee4-6354-4e16-a787-54b7b8d08112",
          "title": "Login Functionalities API",
          "fullFile": "",
          "file": "",
          "beforeHooks": [],
          "afterHooks": [],
          "tests": [
            {
              "title": "Validate User Signup and Log in successfully",
              "fullTitle": "Login Functionalities API Validate User Signup and Log in successfully",
              "timedOut": null,
              "duration": 783,
              "state": "passed",
              "speed": "fast",
              "pass": true,
              "fail": false,
              "pending": false,
              "context": "\"videos/loginAPI.cy.js.mp4\"",
              "code": "/**\n * A `api_loginAndSignUp` já faz asserções para garantir que o login ocorreu,\n * por isso esse teste não precisa de asserts extras.\n */\ncy.api_loginAndSignUp(newUser.email, newUser.password, newUser.administrador);",
              "err": {},
              "uuid": "8b97d1fa-56fa-4ae0-8e29-95c7ca056d7e",
              "parentUUID": "da1e9ee4-6354-4e16-a787-54b7b8d08112",
              "isHook": false,
              "skipped": false
            },
            {
              "title": "Validate login throws an error when using invalid credentials",
              "fullTitle": "Login Functionalities API Validate login throws an error when using invalid credentials",
              "timedOut": null,
              "duration": 577,
              "state": "passed",
              "speed": "fast",
              "pass": true,
              "fail": false,
              "pending": false,
              "context": "\"videos/loginAPI.cy.js.mp4\"",
              "code": "cy.api_login(newUser.email, newUser.password).then(response => {\n  expect(response.status).to.eq(401);\n  expect(response.body).to.deep.equal(login_401);\n});",
              "err": {},
              "uuid": "621a773f-c653-416e-9618-be66a1c83936",
              "parentUUID": "da1e9ee4-6354-4e16-a787-54b7b8d08112",
              "isHook": false,
              "skipped": false
            },
            {
              "title": "Validate login throws an error when using invalid email format",
              "fullTitle": "Login Functionalities API Validate login throws an error when using invalid email format",
              "timedOut": null,
              "duration": 459,
              "state": "passed",
              "speed": "fast",
              "pass": true,
              "fail": false,
              "pending": false,
              "context": "\"videos/loginAPI.cy.js.mp4\"",
              "code": "const invalidUser = _userFactory.UserFactory.invalidEmailUser(); // Using the user with invalid email\ncy.api_login(invalidUser.email, newUser.password).then(response => {\n  expect(response.status).to.eq(400);\n  expect(response.body).to.deep.equal(login_400);\n});",
              "err": {},
              "uuid": "38e06885-122f-47c4-b6b8-63dc2e21bdf0",
              "parentUUID": "da1e9ee4-6354-4e16-a787-54b7b8d08112",
              "isHook": false,
              "skipped": false
            }
          ],
          "suites": [],
          "passes": [
            "8b97d1fa-56fa-4ae0-8e29-95c7ca056d7e",
            "621a773f-c653-416e-9618-be66a1c83936",
            "38e06885-122f-47c4-b6b8-63dc2e21bdf0"
          ],
          "failures": [],
          "pending": [],
          "skipped": [],
          "duration": 1819,
          "root": false,
          "rootEmpty": false,
          "_timeout": 2000
        }
      ],
      "passes": [],
      "failures": [],
      "pending": [],
      "skipped": [],
      "duration": 0,
      "root": true,
      "rootEmpty": true,
      "_timeout": 2000
    }
  ],
  "meta": {
    "mocha": {
      "version": "7.0.1"
    },
    "mochawesome": {
      "options": {
        "quiet": false,
        "reportFilename": "mochawesome",
        "saveHtml": false,
        "saveJson": true,
        "consoleReporter": "spec",
        "useInlineDiffs": false,
        "code": true
      },
      "version": "7.1.3"
    },
    "marge": {
      "options": {
        "reportDir": "cypress/reports/mochawesome",
        "overwrite": false,
        "html": false,
        "json": true
      },
      "version": "6.2.0"
    }
  }
}