{
  "stats": {
    "suites": 1,
    "tests": 3,
    "passes": 3,
    "pending": 0,
    "failures": 0,
    "start": "2025-04-14T17:58:45.016Z",
    "end": "2025-04-14T17:58:56.945Z",
    "duration": 11929,
    "testsRegistered": 3,
    "passPercent": 100,
    "pendingPercent": 0,
    "other": 0,
    "hasOther": false,
    "skipped": 0,
    "hasSkipped": false
  },
  "results": [
    {
      "uuid": "06ad182b-6aad-4fcb-a3f5-4a261f6bb27d",
      "title": "",
      "fullFile": "cypress/e2e/gui/authentication/loginGUI.cy.js",
      "file": "cypress/e2e/gui/authentication/loginGUI.cy.js",
      "beforeHooks": [],
      "afterHooks": [],
      "tests": [],
      "suites": [
        {
          "uuid": "a6348be1-9145-4eef-86e0-da6c60ebe2af",
          "title": "Login Functionalities GUI",
          "fullFile": "",
          "file": "",
          "beforeHooks": [],
          "afterHooks": [],
          "tests": [
            {
              "title": "Validate User Signup and Log in successfully",
              "fullTitle": "Login Functionalities GUI Validate User Signup and Log in successfully",
              "timedOut": null,
              "duration": 9320,
              "state": "passed",
              "speed": "medium",
              "pass": true,
              "fail": false,
              "pending": false,
              "context": "\"videos/loginGUI.cy.js.mp4\"",
              "code": "/**\n * O comando `gui_login_or_signup_and_login` já valida que o login foi realizado,\n * garantindo que a sessão foi criada corretamente.\n * \n * Por isso, este teste não precisa de assertivas adicionais.\n */\ncy.gui_login_or_signup_and_login(newUser.email, newUser.password);\n// Valida o logout\ncy.gui_logout();\ncy.url().should('include', '/login');\ncy.get('input[name=\"email\"]').should('be.visible');",
              "err": {},
              "uuid": "3131221f-4ded-4ab7-8873-8fa5b5e24725",
              "parentUUID": "a6348be1-9145-4eef-86e0-da6c60ebe2af",
              "isHook": false,
              "skipped": false
            },
            {
              "title": "Validate login throws an error when using invalid credentials",
              "fullTitle": "Login Functionalities GUI Validate login throws an error when using invalid credentials",
              "timedOut": null,
              "duration": 1375,
              "state": "passed",
              "speed": "fast",
              "pass": true,
              "fail": false,
              "pending": false,
              "context": "\"videos/loginGUI.cy.js.mp4\"",
              "code": "cy.validateInvalidCredentials(newUser.email, newUser.password);",
              "err": {},
              "uuid": "4b2e9720-31d2-402d-800c-352c381dc71c",
              "parentUUID": "a6348be1-9145-4eef-86e0-da6c60ebe2af",
              "isHook": false,
              "skipped": false
            },
            {
              "title": "Validate login throws an error when using invalid email format",
              "fullTitle": "Login Functionalities GUI Validate login throws an error when using invalid email format",
              "timedOut": null,
              "duration": 1119,
              "state": "passed",
              "speed": "fast",
              "pass": true,
              "fail": false,
              "pending": false,
              "context": "\"videos/loginGUI.cy.js.mp4\"",
              "code": "const invalidUser = _userFactory.UserFactory.invalidEmailUser(); // Using the user with invalid email\ncy.validateInvalidEmail(invalidUser.email, newUser.password);",
              "err": {},
              "uuid": "2d9edddd-a0b5-48b8-bfd4-b66247e52ea4",
              "parentUUID": "a6348be1-9145-4eef-86e0-da6c60ebe2af",
              "isHook": false,
              "skipped": false
            }
          ],
          "suites": [],
          "passes": [
            "3131221f-4ded-4ab7-8873-8fa5b5e24725",
            "4b2e9720-31d2-402d-800c-352c381dc71c",
            "2d9edddd-a0b5-48b8-bfd4-b66247e52ea4"
          ],
          "failures": [],
          "pending": [],
          "skipped": [],
          "duration": 11814,
          "root": false,
          "rootEmpty": false,
          "_timeout": 2000
        }
      ],
      "passes": [],
      "failures": [],
      "pending": [],
      "skipped": [],
      "duration": 0,
      "root": true,
      "rootEmpty": true,
      "_timeout": 2000
    }
  ],
  "meta": {
    "mocha": {
      "version": "7.0.1"
    },
    "mochawesome": {
      "options": {
        "quiet": false,
        "reportFilename": "mochawesome",
        "saveHtml": false,
        "saveJson": true,
        "consoleReporter": "spec",
        "useInlineDiffs": false,
        "code": true
      },
      "version": "7.1.3"
    },
    "marge": {
      "options": {
        "reportDir": "cypress/reports/mochawesome",
        "overwrite": false,
        "html": false,
        "json": true
      },
      "version": "6.2.0"
    }
  }
}